[2025-06-05 12:35:27] [VERIFICATION] === INÍCIO DA VERIFICAÇÃO DA API PANDA VIDEO ===
[2025-06-05 12:35:27] [VERIFICATION] OK: Coluna 'last_watched_seconds' encontrada na tabela access_logs
[2025-06-05 12:35:27] [VERIFICATION] OK: Arquivo encontrado: update_lecture_progress.php
[2025-06-05 12:35:27] [VERIFICATION] OK: Arquivo encontrado: log_message.php
[2025-06-05 12:35:27] [VERIFICATION] INFO: Encontradas 6 palestras com código do Panda Video
[2025-06-05 12:35:27] [VERIFICATION] === VERIFICAÇÃO CONCLUÍDA COM SUCESSO ===
[2025-06-05 12:54:14] [VERIFICATION] === INÍCIO DA VERIFICAÇÃO DA API PANDA VIDEO ===
[2025-06-05 12:54:14] [VERIFICATION] OK: Coluna 'last_watched_seconds' encontrada na tabela access_logs
[2025-06-05 12:54:14] [VERIFICATION] OK: Arquivo encontrado: update_lecture_progress.php
[2025-06-05 12:54:14] [VERIFICATION] OK: Arquivo encontrado: log_message.php
[2025-06-05 12:54:14] [VERIFICATION] INFO: Encontradas 6 palestras com código do Panda Video
[2025-06-05 12:54:14] [VERIFICATION] === VERIFICAÇÃO CONCLUÍDA COM SUCESSO ===
[2025-06-05 12:56:43] [VERIFICATION] === INÍCIO DA VERIFICAÇÃO DA API PANDA VIDEO ===
[2025-06-05 12:56:43] [VERIFICATION] OK: Coluna 'last_watched_seconds' encontrada na tabela access_logs
[2025-06-05 12:56:43] [VERIFICATION] OK: Arquivo encontrado: update_lecture_progress.php
[2025-06-05 12:56:43] [VERIFICATION] OK: Arquivo encontrado: log_message.php
[2025-06-05 12:56:43] [VERIFICATION] INFO: Encontradas 6 palestras com código do Panda Video
[2025-06-05 12:56:43] [VERIFICATION] === VERIFICAÇÃO CONCLUÍDA COM SUCESSO ===
[2025-06-05 12:57:01] [VERIFICATION] === INÍCIO DA VERIFICAÇÃO DA API PANDA VIDEO ===
[2025-06-05 12:57:01] [VERIFICATION] OK: Coluna 'last_watched_seconds' encontrada na tabela access_logs
[2025-06-05 12:57:01] [VERIFICATION] OK: Arquivo encontrado: update_lecture_progress.php
[2025-06-05 12:57:01] [VERIFICATION] OK: Arquivo encontrado: log_message.php
[2025-06-05 12:57:01] [VERIFICATION] INFO: Encontradas 6 palestras com código do Panda Video
[2025-06-05 12:57:01] [VERIFICATION] === VERIFICAÇÃO CONCLUÍDA COM SUCESSO ===
[2025-06-05 12:58:04] [VERIFICATION] === INÍCIO DA VERIFICAÇÃO DA API PANDA VIDEO ===
[2025-06-05 12:58:04] [VERIFICATION] OK: Coluna 'last_watched_seconds' encontrada na tabela access_logs
[2025-06-05 12:58:04] [VERIFICATION] OK: Arquivo encontrado: update_lecture_progress.php
[2025-06-05 12:58:04] [VERIFICATION] OK: Arquivo encontrado: log_message.php
[2025-06-05 12:58:04] [VERIFICATION] INFO: Encontradas 6 palestras com código do Panda Video
[2025-06-05 12:58:04] [VERIFICATION] === VERIFICAÇÃO CONCLUÍDA COM SUCESSO ===
[2025-06-05 13:01:40] [VERIFICATION] === INÍCIO DA VERIFICAÇÃO DA API PANDA VIDEO ===
[2025-06-05 13:01:40] [VERIFICATION] OK: Coluna 'last_watched_seconds' encontrada na tabela access_logs
[2025-06-05 13:01:40] [VERIFICATION] OK: Arquivo encontrado: update_lecture_progress.php
[2025-06-05 13:01:40] [VERIFICATION] OK: Arquivo encontrado: log_message.php
[2025-06-05 13:01:40] [VERIFICATION] INFO: Encontradas 6 palestras com código do Panda Video
[2025-06-05 13:01:40] [VERIFICATION] === VERIFICAÇÃO CONCLUÍDA COM SUCESSO ===
[2025-06-05 13:18:43] [VERIFICATION] === INÍCIO DA VERIFICAÇÃO DA API PANDA VIDEO ===
[2025-06-05 13:18:43] [VERIFICATION] OK: Coluna 'last_watched_seconds' encontrada na tabela access_logs
[2025-06-05 13:18:43] [VERIFICATION] OK: Arquivo encontrado: update_lecture_progress.php
[2025-06-05 13:18:43] [VERIFICATION] OK: Arquivo encontrado: log_message.php
[2025-06-05 13:18:43] [VERIFICATION] INFO: Encontradas 6 palestras com código do Panda Video
[2025-06-05 13:18:43] [VERIFICATION] === VERIFICAÇÃO CONCLUÍDA COM SUCESSO ===
[2025-06-05 13:23:32] [VERIFICATION] === INÍCIO DA VERIFICAÇÃO DA API PANDA VIDEO ===
[2025-06-05 13:23:32] [VERIFICATION] OK: Coluna 'last_watched_seconds' encontrada na tabela access_logs
[2025-06-05 13:23:32] [VERIFICATION] OK: Arquivo encontrado: update_lecture_progress.php
[2025-06-05 13:23:32] [VERIFICATION] OK: Arquivo encontrado: log_message.php
[2025-06-05 13:23:32] [VERIFICATION] INFO: Encontradas 6 palestras com código do Panda Video
[2025-06-05 13:23:32] [VERIFICATION] === VERIFICAÇÃO CONCLUÍDA COM SUCESSO ===
[2025-06-05 13:26:47] [VERIFICATION] === INÍCIO DA VERIFICAÇÃO DA API PANDA VIDEO ===
[2025-06-05 13:26:47] [VERIFICATION] OK: Coluna 'last_watched_seconds' encontrada na tabela access_logs
[2025-06-05 13:26:47] [VERIFICATION] OK: Arquivo encontrado: update_lecture_progress.php
[2025-06-05 13:26:47] [VERIFICATION] OK: Arquivo encontrado: log_message.php
[2025-06-05 13:26:47] [VERIFICATION] INFO: Encontradas 6 palestras com código do Panda Video
[2025-06-05 13:26:47] [VERIFICATION] === VERIFICAÇÃO CONCLUÍDA COM SUCESSO ===
[2025-06-05 13:27:13] [VERIFICATION] === INÍCIO DA VERIFICAÇÃO DA API PANDA VIDEO ===
[2025-06-05 13:27:13] [VERIFICATION] OK: Coluna 'last_watched_seconds' encontrada na tabela access_logs
[2025-06-05 13:27:13] [VERIFICATION] OK: Arquivo encontrado: update_lecture_progress.php
[2025-06-05 13:27:13] [VERIFICATION] OK: Arquivo encontrado: log_message.php
[2025-06-05 13:27:13] [VERIFICATION] INFO: Encontradas 6 palestras com código do Panda Video
[2025-06-05 13:27:13] [VERIFICATION] === VERIFICAÇÃO CONCLUÍDA COM SUCESSO ===
[2025-06-05 13:30:09] [VERIFICATION] === INÍCIO DA VERIFICAÇÃO DA API PANDA VIDEO ===
[2025-06-05 13:30:09] [VERIFICATION] OK: Coluna 'last_watched_seconds' encontrada na tabela access_logs
[2025-06-05 13:30:09] [VERIFICATION] OK: Arquivo encontrado: update_lecture_progress.php
[2025-06-05 13:30:09] [VERIFICATION] OK: Arquivo encontrado: log_message.php
[2025-06-05 13:30:09] [VERIFICATION] INFO: Encontradas 6 palestras com código do Panda Video
[2025-06-05 13:30:09] [VERIFICATION] === VERIFICAÇÃO CONCLUÍDA COM SUCESSO ===
[2025-06-05 13:32:56] [VERIFICATION] === INÍCIO DA VERIFICAÇÃO DA API PANDA VIDEO ===
[2025-06-05 13:32:56] [VERIFICATION] OK: Coluna 'last_watched_seconds' encontrada na tabela access_logs
[2025-06-05 13:32:56] [VERIFICATION] OK: Arquivo encontrado: update_lecture_progress.php
[2025-06-05 13:32:56] [VERIFICATION] OK: Arquivo encontrado: log_message.php
[2025-06-05 13:32:56] [VERIFICATION] INFO: Encontradas 6 palestras com código do Panda Video
[2025-06-05 13:32:56] [VERIFICATION] === VERIFICAÇÃO CONCLUÍDA COM SUCESSO ===
[2025-06-05 13:48:04] [VERIFICATION] === INÍCIO DA VERIFICAÇÃO DA API PANDA VIDEO ===
[2025-06-05 13:48:04] [VERIFICATION] OK: Coluna 'last_watched_seconds' encontrada na tabela access_logs
[2025-06-05 13:48:04] [VERIFICATION] OK: Arquivo encontrado: update_lecture_progress.php
[2025-06-05 13:48:04] [VERIFICATION] OK: Arquivo encontrado: log_message.php
[2025-06-05 13:48:04] [VERIFICATION] INFO: Encontradas 6 palestras com código do Panda Video
[2025-06-05 13:48:04] [VERIFICATION] === VERIFICAÇÃO CONCLUÍDA COM SUCESSO ===
[2025-06-05 13:48:40] [VERIFICATION] === INÍCIO DA VERIFICAÇÃO DA API PANDA VIDEO ===
[2025-06-05 13:48:40] [VERIFICATION] OK: Coluna 'last_watched_seconds' encontrada na tabela access_logs
[2025-06-05 13:48:40] [VERIFICATION] OK: Arquivo encontrado: update_lecture_progress.php
[2025-06-05 13:48:40] [VERIFICATION] OK: Arquivo encontrado: log_message.php
[2025-06-05 13:48:40] [VERIFICATION] INFO: Encontradas 6 palestras com código do Panda Video
[2025-06-05 13:48:40] [VERIFICATION] === VERIFICAÇÃO CONCLUÍDA COM SUCESSO ===
[2025-06-05 13:49:33] [VERIFICATION] === INÍCIO DA VERIFICAÇÃO DA API PANDA VIDEO ===
[2025-06-05 13:49:33] [VERIFICATION] OK: Coluna 'last_watched_seconds' encontrada na tabela access_logs
[2025-06-05 13:49:33] [VERIFICATION] OK: Arquivo encontrado: update_lecture_progress.php
[2025-06-05 13:49:33] [VERIFICATION] OK: Arquivo encontrado: log_message.php
[2025-06-05 13:49:33] [VERIFICATION] INFO: Encontradas 6 palestras com código do Panda Video
[2025-06-05 13:49:33] [VERIFICATION] === VERIFICAÇÃO CONCLUÍDA COM SUCESSO ===
[2025-06-05 13:56:45] [VERIFICATION] === INÍCIO DA VERIFICAÇÃO DA API PANDA VIDEO ===
[2025-06-05 13:56:45] [VERIFICATION] OK: Coluna 'last_watched_seconds' encontrada na tabela access_logs
[2025-06-05 13:56:45] [VERIFICATION] OK: Arquivo encontrado: update_lecture_progress.php
[2025-06-05 13:56:45] [VERIFICATION] OK: Arquivo encontrado: log_message.php
[2025-06-05 13:56:45] [VERIFICATION] INFO: Encontradas 6 palestras com código do Panda Video
[2025-06-05 13:56:45] [VERIFICATION] === VERIFICAÇÃO CONCLUÍDA COM SUCESSO ===
[2025-06-05 14:00:14] [VERIFICATION] === INÍCIO DA VERIFICAÇÃO DA API PANDA VIDEO ===
[2025-06-05 14:00:14] [VERIFICATION] OK: Coluna 'last_watched_seconds' encontrada na tabela access_logs
[2025-06-05 14:00:14] [VERIFICATION] OK: Arquivo encontrado: update_lecture_progress.php
[2025-06-05 14:00:14] [VERIFICATION] OK: Arquivo encontrado: log_message.php
[2025-06-05 14:00:14] [VERIFICATION] INFO: Encontradas 6 palestras com código do Panda Video
[2025-06-05 14:00:14] [VERIFICATION] === VERIFICAÇÃO CONCLUÍDA COM SUCESSO ===
[2025-06-05 14:16:20] [VERIFICATION] === INÍCIO DA VERIFICAÇÃO DA API PANDA VIDEO ===
[2025-06-05 14:16:20] [VERIFICATION] OK: Coluna 'last_watched_seconds' encontrada na tabela access_logs
[2025-06-05 14:16:20] [VERIFICATION] OK: Arquivo encontrado: update_lecture_progress.php
[2025-06-05 14:16:20] [VERIFICATION] OK: Arquivo encontrado: log_message.php
[2025-06-05 14:16:20] [VERIFICATION] INFO: Encontradas 6 palestras com código do Panda Video
[2025-06-05 14:16:20] [VERIFICATION] === VERIFICAÇÃO CONCLUÍDA COM SUCESSO ===
