[2025-08-25 21:58:27] [WEBHOOK] Requisição de Webhook da Hotmart recebida.
[2025-08-25 21:58:27] [WEBHOOK_ERROR] Token de validação do webhook inválido. Acesso negado.
[2025-08-25 22:13:29] [WEBHOOK] Requisição de Webhook da Hotmart recebida.
[2025-08-25 22:13:29] [WEBHOOK_ERROR] Token de validação do webhook inválido. Acesso negado.
[2025-08-25 22:28:31] [WEBHOOK] Requisição de Webhook da Hotmart recebida.
[2025-08-25 22:28:31] [WEBHOOK_ERROR] Token de validação do webhook inválido. Acesso negado.
[2025-08-26 11:12:04] [WEBHOOK] Requisição de Webhook da Hotmart recebida.
[2025-08-26 11:12:04] [WEBHOOK_ERROR] Token de validação do webhook inválido. Acesso negado.
[2025-08-26 11:14:11] [WEBHOOK] Requisição de Webhook da Hotmart recebida.
[2025-08-26 11:14:11] [WEBHOOK_ERROR] Token de validação do webhook inválido. Acesso negado.
[2025-08-26 11:14:58] [WEBHOOK] Requisição de Webhook da Hotmart recebida.
[2025-08-26 11:14:58] [WEBHOOK_ERROR] Token de validação do webhook inválido. Acesso negado.
[2025-08-26 11:27:06] [WEBHOOK] Requisição de Webhook da Hotmart recebida.
[2025-08-26 11:27:06] [WEBHOOK_ERROR] Token de validação do webhook inválido. Acesso negado.
[2025-08-26 11:29:12] [WEBHOOK] Requisição de Webhook da Hotmart recebida.
[2025-08-26 11:29:12] [WEBHOOK_ERROR] Token de validação do webhook inválido. Acesso negado.
[2025-08-26 11:29:59] [WEBHOOK] Requisição de Webhook da Hotmart recebida.
[2025-08-26 11:29:59] [WEBHOOK_ERROR] Token de validação do webhook inválido. Acesso negado.
[2025-08-26 11:42:08] [WEBHOOK] Requisição de Webhook da Hotmart recebida.
[2025-08-26 11:42:08] [WEBHOOK_ERROR] Token de validação do webhook inválido. Acesso negado.
[2025-08-26 11:44:14] [WEBHOOK] Requisição de Webhook da Hotmart recebida.
[2025-08-26 11:44:14] [WEBHOOK_ERROR] Token de validação do webhook inválido. Acesso negado.
[2025-08-26 11:45:01] [WEBHOOK] Requisição de Webhook da Hotmart recebida.
[2025-08-26 11:45:01] [WEBHOOK_ERROR] Token de validação do webhook inválido. Acesso negado.
[2025-08-26 12:33:54] [WEBHOOK] Requisição de Webhook da Hotmart recebida.
[2025-08-26 12:33:54] [WEBHOOK_ERROR] Token de validação do webhook inválido. Acesso negado.
[2025-08-26 12:38:38] [WEBHOOK] Requisição de Webhook da Hotmart recebida.
[2025-08-26 12:38:38] [WEBHOOK_ERROR] Token de validação do webhook inválido. Acesso negado.
[2025-08-26 12:48:56] [WEBHOOK] Requisição de Webhook da Hotmart recebida.
[2025-08-26 12:48:56] [WEBHOOK_ERROR] Token de validação do webhook inválido. Acesso negado.
[2025-08-26 12:53:40] [WEBHOOK] Requisição de Webhook da Hotmart recebida.
[2025-08-26 12:53:40] [WEBHOOK_ERROR] Token de validação do webhook inválido. Acesso negado.
[2025-08-26 13:03:58] [WEBHOOK] Requisição de Webhook da Hotmart recebida.
[2025-08-26 13:03:58] [WEBHOOK_ERROR] Token de validação do webhook inválido. Acesso negado.
[2025-08-26 13:08:41] [WEBHOOK] Requisição de Webhook da Hotmart recebida.
[2025-08-26 13:08:41] [WEBHOOK_ERROR] Token de validação do webhook inválido. Acesso negado.
[2025-08-26 13:30:25] [WEBHOOK] Requisição de Webhook da Hotmart recebida.
[2025-08-26 13:30:25] [WEBHOOK_ERROR] Token de validação do webhook inválido. Acesso negado.
[2025-08-26 13:40:16] [WEBHOOK] Requisição de Webhook da Hotmart recebida.
[2025-08-26 13:40:16] [WEBHOOK_ERROR] Token de validação do webhook inválido. Acesso negado.
[2025-08-26 13:42:22] [WEBHOOK] Requisição de Webhook da Hotmart recebida.
[2025-08-26 13:42:22] [WEBHOOK_ERROR] Token de validação do webhook inválido. Acesso negado.
[2025-08-26 13:45:26] [WEBHOOK] Requisição de Webhook da Hotmart recebida.
[2025-08-26 13:45:26] [WEBHOOK_ERROR] Token de validação do webhook inválido. Acesso negado.
[2025-08-26 13:55:18] [WEBHOOK] Requisição de Webhook da Hotmart recebida.
[2025-08-26 13:55:18] [WEBHOOK_ERROR] Token de validação do webhook inválido. Acesso negado.
[2025-08-26 13:57:24] [WEBHOOK] Requisição de Webhook da Hotmart recebida.
[2025-08-26 13:57:24] [WEBHOOK_ERROR] Token de validação do webhook inválido. Acesso negado.
[2025-08-26 14:00:29] [WEBHOOK] Requisição de Webhook da Hotmart recebida.
[2025-08-26 14:00:29] [WEBHOOK_ERROR] Token de validação do webhook inválido. Acesso negado.
[2025-08-26 14:02:27] [WEBHOOK] Requisição de Webhook da Hotmart recebida.
[2025-08-26 14:02:27] [WEBHOOK_ERROR] Token de validação do webhook inválido. Acesso negado.
[2025-08-26 14:10:19] [WEBHOOK] Requisição de Webhook da Hotmart recebida.
[2025-08-26 14:10:19] [WEBHOOK_ERROR] Token de validação do webhook inválido. Acesso negado.
[2025-08-26 14:12:26] [WEBHOOK] Requisição de Webhook da Hotmart recebida.
[2025-08-26 14:12:26] [WEBHOOK_ERROR] Token de validação do webhook inválido. Acesso negado.
[2025-08-26 14:17:29] [WEBHOOK] Requisição de Webhook da Hotmart recebida.
[2025-08-26 14:17:29] [WEBHOOK_ERROR] Token de validação do webhook inválido. Acesso negado.
[2025-08-26 14:32:31] [WEBHOOK] Requisição de Webhook da Hotmart recebida.
[2025-08-26 14:32:31] [WEBHOOK_ERROR] Token de validação do webhook inválido. Acesso negado.
[2025-08-26 16:34:26] [WEBHOOK] Requisição de Webhook da Hotmart recebida.
[2025-08-26 16:34:26] [WEBHOOK_ERROR] Token de validação do webhook inválido. Acesso negado.
[2025-08-26 16:49:28] [WEBHOOK] Requisição de Webhook da Hotmart recebida.
[2025-08-26 16:49:28] [WEBHOOK_ERROR] Token de validação do webhook inválido. Acesso negado.
[2025-08-26 17:04:30] [WEBHOOK] Requisição de Webhook da Hotmart recebida.
[2025-08-26 17:04:30] [WEBHOOK_ERROR] Token de validação do webhook inválido. Acesso negado.
[2025-08-26 18:26:16] [HOTMART_CLASS] Credenciais carregadas de constantes.
[2025-08-26 18:26:16] [HOTMART_CLASS] Hotmart API Base URL: https://api.hotmart.com/v1, OAuth URL: https://api-sec-vlc.hotmart.com/security/oauth/token, Subscriptions URL: https://developers.hotmart.com/payments/api/v1
[2025-08-26 18:26:16] [HOTMART_TOKEN_REQUEST] Solicitando access token para: https://api-sec-vlc.hotmart.com/security/oauth/token
[2025-08-26 18:26:17] [HOTMART_TOKEN_RESPONSE] Resposta do token HTTP 200: {"access_token":"H4sIAAAAAAAAAB2OyZKqQBQFv8gOBkVYMjRYIIXMFBvCQuaxBYHi6x%2FP5Y2TmXEzopdYSyur0l1%2FBzSswAR655LKgAPNGAWyLvxkRN8RI6yxC7iQ6CQO1QZUa%2FVi9fGl%2BVXkrlUclSuohw3uPgMVkYZeyt5lvXxFzoC%2FXNum5OsDj
[2025-08-26 18:26:17] [HOTMART_TOKEN_SUCCESS] Access token obtido com sucesso
[2025-08-26 18:26:21] [HOTMART_CLASS] Credenciais carregadas de constantes.
[2025-08-26 18:26:21] [HOTMART_CLASS] Hotmart API Base URL: https://api.hotmart.com/v1, OAuth URL: https://api-sec-vlc.hotmart.com/security/oauth/token, Subscriptions URL: https://developers.hotmart.com/payments/api/v1
[2025-08-26 18:26:21] [HOTMART_TOKEN_REQUEST] Solicitando access token para: https://api-sec-vlc.hotmart.com/security/oauth/token
[2025-08-26 18:26:22] [HOTMART_TOKEN_RESPONSE] Resposta do token HTTP 200: {"access_token":"H4sIAAAAAAAAAB2PyZaqMAAFv8g%2BTKIslckABoFAIBuPTBLmFhTI1z9f76vuqVtsVpWaGXWpFYQM8JCCCfT%2BPlOBDJoxjlRL%2BSk2iyWCspAAyHizNoKNBtCF5qI15mZI42ChJK4WUA8rZKEAtRMP0XN1VKvKY39I%2F7i2zbY%2FHyDeh
[2025-08-26 18:26:22] [HOTMART_TOKEN_SUCCESS] Access token obtido com sucesso
[2025-08-26 18:26:22] [HOTMART_ADMIN_ACTION] Admin Hotmart: Sincronização manual disparada.
[2025-08-26 18:26:22] [HOTMART_SYNC] Iniciando sincronização de assinaturas para o produto ID: 4304019
[2025-08-26 18:26:22] [HOTMART_TOKEN_REQUEST] Solicitando access token para: https://api-sec-vlc.hotmart.com/security/oauth/token
[2025-08-26 18:26:22] [HOTMART_TOKEN_RESPONSE] Resposta do token HTTP 200: {"access_token":"H4sIAAAAAAAAAB2PyZKCMAAFv4gpAqLD0WHRRAkia7hQQEA2BRTE5OuHmXu%2Frn4FQ1V2yGu7Rq7PIcA1fMHHVck1uIXtEAUaUr8KhjiR1CV24TZkiMWh2cJ6qamMBnrw68hd6jiqFtj0H8x9Cet7gL0bO2uootG1z%2F65rsvZ%2Fx564IqdA
[2025-08-26 18:26:22] [HOTMART_TOKEN_SUCCESS] Access token obtido com sucesso
[2025-08-26 18:26:22] [HOTMART_SYNC] DEBUG: Buscando assinaturas (Requisição: 1). Parâmetros: {"product_id":4304019,"max_results":100}
[2025-08-26 18:26:22] [HOTMART_SUBSCRIPTIONS] Buscando assinaturas com parâmetros: {"max_results":100}
[2025-08-26 18:26:22] [HOTMART_API_REQUEST] Fazendo requisição GET para: https://developers.hotmart.com/payments/api/v1/subscriptions?max_results=100
[2025-08-26 18:26:22] [HOTMART_API_RESPONSE] Resposta HTTP 200: {"items":[{"subscriber_code":"UM1W581B","subscription_id":37420332,"status":"ACTIVE","accession_date":1754165639000,"request_date":1754165635000,"trial":false,"plan":{"name":"Premium Plus Anual","id":833189,"recurrency_period":360},"product":{"name":"Assinatura Premium Plus Translators101","id":4304019,"ucode":"29138ca1-3f2b-4502-b8e7-06cf058ecad7"},"price":{"currency_code":"BRL","value":550.00},"subscriber":{"name":"Regina Maria de Souza Correia Pinto","ucode":"70e6f87c-8587-4e8d-aca0-3a9676a42
[2025-08-26 18:26:22] [HOTMART_SUBSCRIPTIONS] Buscando assinaturas com parâmetros: {"max_results":100}
[2025-08-26 18:26:22] [HOTMART_API_REQUEST] Fazendo requisição GET para: https://developers.hotmart.com/payments/api/v1/subscriptions?max_results=100
[2025-08-26 18:26:23] [HOTMART_API_RESPONSE] Resposta HTTP 200: {"items":[{"subscriber_code":"UM1W581B","subscription_id":37420332,"status":"ACTIVE","accession_date":1754165639000,"request_date":1754165635000,"trial":false,"plan":{"name":"Premium Plus Anual","id":833189,"recurrency_period":360},"product":{"name":"Assinatura Premium Plus Translators101","id":4304019,"ucode":"29138ca1-3f2b-4502-b8e7-06cf058ecad7"},"price":{"currency_code":"BRL","value":550.00},"subscriber":{"name":"Regina Maria de Souza Correia Pinto","ucode":"70e6f87c-8587-4e8d-aca0-3a9676a42
[2025-08-26 18:26:23] [HOTMART_SUBSCRIPTIONS] Buscando assinaturas com parâmetros: {"max_results":100}
[2025-08-26 18:26:23] [HOTMART_API_REQUEST] Fazendo requisição GET para: https://developers.hotmart.com/payments/api/v1/subscriptions?max_results=100
[2025-08-26 18:26:23] [HOTMART_API_RESPONSE] Resposta HTTP 200: {"items":[{"subscriber_code":"UM1W581B","subscription_id":37420332,"status":"ACTIVE","accession_date":1754165639000,"request_date":1754165635000,"trial":false,"plan":{"name":"Premium Plus Anual","id":833189,"recurrency_period":360},"product":{"name":"Assinatura Premium Plus Translators101","id":4304019,"ucode":"29138ca1-3f2b-4502-b8e7-06cf058ecad7"},"price":{"currency_code":"BRL","value":550.00},"subscriber":{"name":"Regina Maria de Souza Correia Pinto","ucode":"70e6f87c-8587-4e8d-aca0-3a9676a42
[2025-08-26 18:26:23] [HOTMART_SUBSCRIPTIONS] Buscando assinaturas com parâmetros: {"max_results":100}
[2025-08-26 18:26:23] [HOTMART_API_REQUEST] Fazendo requisição GET para: https://developers.hotmart.com/payments/api/v1/subscriptions?max_results=100
[2025-08-26 18:26:24] [HOTMART_API_RESPONSE] Resposta HTTP 200: {"items":[{"subscriber_code":"UM1W581B","subscription_id":37420332,"status":"ACTIVE","accession_date":1754165639000,"request_date":1754165635000,"trial":false,"plan":{"name":"Premium Plus Anual","id":833189,"recurrency_period":360},"product":{"name":"Assinatura Premium Plus Translators101","id":4304019,"ucode":"29138ca1-3f2b-4502-b8e7-06cf058ecad7"},"price":{"currency_code":"BRL","value":550.00},"subscriber":{"name":"Regina Maria de Souza Correia Pinto","ucode":"70e6f87c-8587-4e8d-aca0-3a9676a42
[2025-08-26 18:26:24] [HOTMART_SUBSCRIPTIONS] Buscando assinaturas com parâmetros: {"max_results":100}
[2025-08-26 18:26:24] [HOTMART_API_REQUEST] Fazendo requisição GET para: https://developers.hotmart.com/payments/api/v1/subscriptions?max_results=100
[2025-08-26 18:26:24] [HOTMART_API_RESPONSE] Resposta HTTP 200: {"items":[{"subscriber_code":"UM1W581B","subscription_id":37420332,"status":"ACTIVE","accession_date":1754165639000,"request_date":1754165635000,"trial":false,"plan":{"name":"Premium Plus Anual","id":833189,"recurrency_period":360},"product":{"name":"Assinatura Premium Plus Translators101","id":4304019,"ucode":"29138ca1-3f2b-4502-b8e7-06cf058ecad7"},"price":{"currency_code":"BRL","value":550.00},"subscriber":{"name":"Regina Maria de Souza Correia Pinto","ucode":"70e6f87c-8587-4e8d-aca0-3a9676a42
[2025-08-26 18:26:24] [HOTMART_SUBSCRIPTIONS] Buscando assinaturas com parâmetros: {"max_results":100}
[2025-08-26 18:26:24] [HOTMART_API_REQUEST] Fazendo requisição GET para: https://developers.hotmart.com/payments/api/v1/subscriptions?max_results=100
[2025-08-26 18:26:25] [HOTMART_API_RESPONSE] Resposta HTTP 200: {"items":[{"subscriber_code":"UM1W581B","subscription_id":37420332,"status":"ACTIVE","accession_date":1754165639000,"request_date":1754165635000,"trial":false,"plan":{"name":"Premium Plus Anual","id":833189,"recurrency_period":360},"product":{"name":"Assinatura Premium Plus Translators101","id":4304019,"ucode":"29138ca1-3f2b-4502-b8e7-06cf058ecad7"},"price":{"currency_code":"BRL","value":550.00},"subscriber":{"name":"Regina Maria de Souza Correia Pinto","ucode":"70e6f87c-8587-4e8d-aca0-3a9676a42
[2025-08-26 18:26:25] [HOTMART_SYNC] INFO: Assinaturas encontradas (Requisição 1): 60
[2025-08-26 18:26:25] [HOTMART_SYNC] INFO: Usuário existente pintoreginamc@gmail.com atualizado. is_subscriber: 1, hotmart_status: ACTIVE
[2025-08-26 18:26:25] [HOTMART_SYNC] DEBUG: Assinatura 37420332 para pintoreginamc@gmail.com (ACTIVE) inserida/atualizada em hotmart_subscriptions.
[2025-08-26 18:26:25] [HOTMART_SYNC] INFO: Usuário existente catharine.tr@gmail.com atualizado. is_subscriber: 1, hotmart_status: ACTIVE
[2025-08-26 18:26:25] [HOTMART_SYNC] DEBUG: Assinatura 37673800 para catharine.tr@gmail.com (ACTIVE) inserida/atualizada em hotmart_subscriptions.
[2025-08-26 18:26:25] [HOTMART_SYNC] INFO: Usuário existente alinefretta@hotmail.com atualizado. is_subscriber: 1, hotmart_status: ACTIVE
[2025-08-26 18:26:25] [HOTMART_SYNC] DEBUG: Assinatura 37697277 para alinefretta@hotmail.com (ACTIVE) inserida/atualizada em hotmart_subscriptions.
[2025-08-26 18:26:25] [HOTMART_SYNC] INFO: Usuário existente causoares@gmail.com atualizado. is_subscriber: 1, hotmart_status: ACTIVE
[2025-08-26 18:26:25] [HOTMART_SYNC] DEBUG: Assinatura 37716436 para causoares@gmail.com (ACTIVE) inserida/atualizada em hotmart_subscriptions.
[2025-08-26 18:26:25] [HOTMART_SYNC] INFO: Usuário existente filipenasci_@hotmail.com atualizado. is_subscriber: 1, hotmart_status: ACTIVE
[2025-08-26 18:26:25] [HOTMART_SYNC] DEBUG: Assinatura 37831183 para filipenasci_@hotmail.com (ACTIVE) inserida/atualizada em hotmart_subscriptions.
[2025-08-26 18:26:25] [HOTMART_SYNC] INFO: Usuário existente angiecostabr@gmail.com atualizado. is_subscriber: 1, hotmart_status: ACTIVE
[2025-08-26 18:26:25] [HOTMART_SYNC] DEBUG: Assinatura 37917346 para angiecostabr@gmail.com (ACTIVE) inserida/atualizada em hotmart_subscriptions.
[2025-08-26 18:26:25] [HOTMART_SYNC] INFO: Usuário existente anaviegas.tradutora@gmail.com atualizado. is_subscriber: 1, hotmart_status: ACTIVE
[2025-08-26 18:26:25] [HOTMART_SYNC] DEBUG: Assinatura 37969261 para anaviegas.tradutora@gmail.com (ACTIVE) inserida/atualizada em hotmart_subscriptions.
[2025-08-26 18:26:25] [HOTMART_SYNC] INFO: Usuário existente eulalia-navarro@hotmail.com atualizado. is_subscriber: 1, hotmart_status: ACTIVE
[2025-08-26 18:26:25] [HOTMART_SYNC] DEBUG: Assinatura 38017363 para eulalia-navarro@hotmail.com (ACTIVE) inserida/atualizada em hotmart_subscriptions.
[2025-08-26 18:26:25] [HOTMART_SYNC] INFO: Novo usuário bruggner@gmail.com criado com ID: e0ca1f99-6e08-44e8-9c9a-cb29d549bf30. is_subscriber: 0, hotmart_status: STARTED
[2025-08-26 18:26:25] [HOTMART_SYNC] DEBUG: Assinatura 38101024 para bruggner@gmail.com (STARTED) inserida/atualizada em hotmart_subscriptions.
[2025-08-26 18:26:25] [HOTMART_SYNC] INFO: Usuário existente bruggner@gmail.com atualizado. is_subscriber: 1, hotmart_status: ACTIVE
[2025-08-26 18:26:25] [HOTMART_SYNC] DEBUG: Assinatura 38101073 para bruggner@gmail.com (ACTIVE) inserida/atualizada em hotmart_subscriptions.
[2025-08-26 18:26:25] [HOTMART_SYNC] INFO: Usuário existente pintoreginamc@gmail.com atualizado. is_subscriber: 1, hotmart_status: ACTIVE
[2025-08-26 18:26:25] [HOTMART_SYNC] DEBUG: Assinatura 37420332 para pintoreginamc@gmail.com (ACTIVE) inserida/atualizada em hotmart_subscriptions.
[2025-08-26 18:26:25] [HOTMART_SYNC] INFO: Usuário existente catharine.tr@gmail.com atualizado. is_subscriber: 1, hotmart_status: ACTIVE
[2025-08-26 18:26:25] [HOTMART_SYNC] DEBUG: Assinatura 37673800 para catharine.tr@gmail.com (ACTIVE) inserida/atualizada em hotmart_subscriptions.
[2025-08-26 18:26:25] [HOTMART_SYNC] INFO: Usuário existente alinefretta@hotmail.com atualizado. is_subscriber: 1, hotmart_status: ACTIVE
[2025-08-26 18:26:25] [HOTMART_SYNC] DEBUG: Assinatura 37697277 para alinefretta@hotmail.com (ACTIVE) inserida/atualizada em hotmart_subscriptions.
[2025-08-26 18:26:25] [HOTMART_SYNC] INFO: Usuário existente causoares@gmail.com atualizado. is_subscriber: 1, hotmart_status: ACTIVE
[2025-08-26 18:26:25] [HOTMART_SYNC] DEBUG: Assinatura 37716436 para causoares@gmail.com (ACTIVE) inserida/atualizada em hotmart_subscriptions.
[2025-08-26 18:26:25] [HOTMART_SYNC] INFO: Usuário existente filipenasci_@hotmail.com atualizado. is_subscriber: 1, hotmart_status: ACTIVE
[2025-08-26 18:26:25] [HOTMART_SYNC] DEBUG: Assinatura 37831183 para filipenasci_@hotmail.com (ACTIVE) inserida/atualizada em hotmart_subscriptions.
[2025-08-26 18:26:25] [HOTMART_SYNC] INFO: Usuário existente angiecostabr@gmail.com atualizado. is_subscriber: 1, hotmart_status: ACTIVE
[2025-08-26 18:26:25] [HOTMART_SYNC] DEBUG: Assinatura 37917346 para angiecostabr@gmail.com (ACTIVE) inserida/atualizada em hotmart_subscriptions.
[2025-08-26 18:26:25] [HOTMART_SYNC] INFO: Usuário existente anaviegas.tradutora@gmail.com atualizado. is_subscriber: 1, hotmart_status: ACTIVE
[2025-08-26 18:26:25] [HOTMART_SYNC] DEBUG: Assinatura 37969261 para anaviegas.tradutora@gmail.com (ACTIVE) inserida/atualizada em hotmart_subscriptions.
[2025-08-26 18:26:25] [HOTMART_SYNC] INFO: Usuário existente eulalia-navarro@hotmail.com atualizado. is_subscriber: 1, hotmart_status: ACTIVE
[2025-08-26 18:26:25] [HOTMART_SYNC] DEBUG: Assinatura 38017363 para eulalia-navarro@hotmail.com (ACTIVE) inserida/atualizada em hotmart_subscriptions.
[2025-08-26 18:26:25] [HOTMART_SYNC] INFO: Usuário existente bruggner@gmail.com atualizado. is_subscriber: 0, hotmart_status: STARTED
[2025-08-26 18:26:25] [HOTMART_SYNC] DEBUG: Assinatura 38101024 para bruggner@gmail.com (STARTED) inserida/atualizada em hotmart_subscriptions.
[2025-08-26 18:26:25] [HOTMART_SYNC] INFO: Usuário existente bruggner@gmail.com atualizado. is_subscriber: 1, hotmart_status: ACTIVE
[2025-08-26 18:26:25] [HOTMART_SYNC] DEBUG: Assinatura 38101073 para bruggner@gmail.com (ACTIVE) inserida/atualizada em hotmart_subscriptions.
[2025-08-26 18:26:25] [HOTMART_SYNC] INFO: Usuário existente pintoreginamc@gmail.com atualizado. is_subscriber: 1, hotmart_status: ACTIVE
[2025-08-26 18:26:25] [HOTMART_SYNC] DEBUG: Assinatura 37420332 para pintoreginamc@gmail.com (ACTIVE) inserida/atualizada em hotmart_subscriptions.
[2025-08-26 18:26:25] [HOTMART_SYNC] INFO: Usuário existente catharine.tr@gmail.com atualizado. is_subscriber: 1, hotmart_status: ACTIVE
[2025-08-26 18:26:25] [HOTMART_SYNC] DEBUG: Assinatura 37673800 para catharine.tr@gmail.com (ACTIVE) inserida/atualizada em hotmart_subscriptions.
[2025-08-26 18:26:25] [HOTMART_SYNC] INFO: Usuário existente alinefretta@hotmail.com atualizado. is_subscriber: 1, hotmart_status: ACTIVE
[2025-08-26 18:26:25] [HOTMART_SYNC] DEBUG: Assinatura 37697277 para alinefretta@hotmail.com (ACTIVE) inserida/atualizada em hotmart_subscriptions.
[2025-08-26 18:26:25] [HOTMART_SYNC] INFO: Usuário existente causoares@gmail.com atualizado. is_subscriber: 1, hotmart_status: ACTIVE
[2025-08-26 18:26:25] [HOTMART_SYNC] DEBUG: Assinatura 37716436 para causoares@gmail.com (ACTIVE) inserida/atualizada em hotmart_subscriptions.
[2025-08-26 18:26:25] [HOTMART_SYNC] INFO: Usuário existente filipenasci_@hotmail.com atualizado. is_subscriber: 1, hotmart_status: ACTIVE
[2025-08-26 18:26:25] [HOTMART_SYNC] DEBUG: Assinatura 37831183 para filipenasci_@hotmail.com (ACTIVE) inserida/atualizada em hotmart_subscriptions.
[2025-08-26 18:26:25] [HOTMART_SYNC] INFO: Usuário existente angiecostabr@gmail.com atualizado. is_subscriber: 1, hotmart_status: ACTIVE
[2025-08-26 18:26:25] [HOTMART_SYNC] DEBUG: Assinatura 37917346 para angiecostabr@gmail.com (ACTIVE) inserida/atualizada em hotmart_subscriptions.
[2025-08-26 18:26:25] [HOTMART_SYNC] INFO: Usuário existente anaviegas.tradutora@gmail.com atualizado. is_subscriber: 1, hotmart_status: ACTIVE
[2025-08-26 18:26:25] [HOTMART_SYNC] DEBUG: Assinatura 37969261 para anaviegas.tradutora@gmail.com (ACTIVE) inserida/atualizada em hotmart_subscriptions.
[2025-08-26 18:26:25] [HOTMART_SYNC] INFO: Usuário existente eulalia-navarro@hotmail.com atualizado. is_subscriber: 1, hotmart_status: ACTIVE
[2025-08-26 18:26:25] [HOTMART_SYNC] DEBUG: Assinatura 38017363 para eulalia-navarro@hotmail.com (ACTIVE) inserida/atualizada em hotmart_subscriptions.
[2025-08-26 18:26:25] [HOTMART_SYNC] INFO: Usuário existente bruggner@gmail.com atualizado. is_subscriber: 0, hotmart_status: STARTED
[2025-08-26 18:26:25] [HOTMART_SYNC] DEBUG: Assinatura 38101024 para bruggner@gmail.com (STARTED) inserida/atualizada em hotmart_subscriptions.
[2025-08-26 18:26:25] [HOTMART_SYNC] INFO: Usuário existente bruggner@gmail.com atualizado. is_subscriber: 1, hotmart_status: ACTIVE
[2025-08-26 18:26:25] [HOTMART_SYNC] DEBUG: Assinatura 38101073 para bruggner@gmail.com (ACTIVE) inserida/atualizada em hotmart_subscriptions.
[2025-08-26 18:26:25] [HOTMART_SYNC] INFO: Usuário existente pintoreginamc@gmail.com atualizado. is_subscriber: 1, hotmart_status: ACTIVE
[2025-08-26 18:26:25] [HOTMART_SYNC] DEBUG: Assinatura 37420332 para pintoreginamc@gmail.com (ACTIVE) inserida/atualizada em hotmart_subscriptions.
[2025-08-26 18:26:25] [HOTMART_SYNC] INFO: Usuário existente catharine.tr@gmail.com atualizado. is_subscriber: 1, hotmart_status: ACTIVE
[2025-08-26 18:26:25] [HOTMART_SYNC] DEBUG: Assinatura 37673800 para catharine.tr@gmail.com (ACTIVE) inserida/atualizada em hotmart_subscriptions.
[2025-08-26 18:26:25] [HOTMART_SYNC] INFO: Usuário existente alinefretta@hotmail.com atualizado. is_subscriber: 1, hotmart_status: ACTIVE
[2025-08-26 18:26:25] [HOTMART_SYNC] DEBUG: Assinatura 37697277 para alinefretta@hotmail.com (ACTIVE) inserida/atualizada em hotmart_subscriptions.
[2025-08-26 18:26:25] [HOTMART_SYNC] INFO: Usuário existente causoares@gmail.com atualizado. is_subscriber: 1, hotmart_status: ACTIVE
[2025-08-26 18:26:25] [HOTMART_SYNC] DEBUG: Assinatura 37716436 para causoares@gmail.com (ACTIVE) inserida/atualizada em hotmart_subscriptions.
[2025-08-26 18:26:25] [HOTMART_SYNC] INFO: Usuário existente filipenasci_@hotmail.com atualizado. is_subscriber: 1, hotmart_status: ACTIVE
[2025-08-26 18:26:25] [HOTMART_SYNC] DEBUG: Assinatura 37831183 para filipenasci_@hotmail.com (ACTIVE) inserida/atualizada em hotmart_subscriptions.
[2025-08-26 18:26:25] [HOTMART_SYNC] INFO: Usuário existente angiecostabr@gmail.com atualizado. is_subscriber: 1, hotmart_status: ACTIVE
[2025-08-26 18:26:25] [HOTMART_SYNC] DEBUG: Assinatura 37917346 para angiecostabr@gmail.com (ACTIVE) inserida/atualizada em hotmart_subscriptions.
[2025-08-26 18:26:25] [HOTMART_SYNC] INFO: Usuário existente anaviegas.tradutora@gmail.com atualizado. is_subscriber: 1, hotmart_status: ACTIVE
[2025-08-26 18:26:25] [HOTMART_SYNC] DEBUG: Assinatura 37969261 para anaviegas.tradutora@gmail.com (ACTIVE) inserida/atualizada em hotmart_subscriptions.
[2025-08-26 18:26:25] [HOTMART_SYNC] INFO: Usuário existente eulalia-navarro@hotmail.com atualizado. is_subscriber: 1, hotmart_status: ACTIVE
[2025-08-26 18:26:25] [HOTMART_SYNC] DEBUG: Assinatura 38017363 para eulalia-navarro@hotmail.com (ACTIVE) inserida/atualizada em hotmart_subscriptions.
[2025-08-26 18:26:25] [HOTMART_SYNC] INFO: Usuário existente bruggner@gmail.com atualizado. is_subscriber: 0, hotmart_status: STARTED
[2025-08-26 18:26:25] [HOTMART_SYNC] DEBUG: Assinatura 38101024 para bruggner@gmail.com (STARTED) inserida/atualizada em hotmart_subscriptions.
[2025-08-26 18:26:25] [HOTMART_SYNC] INFO: Usuário existente bruggner@gmail.com atualizado. is_subscriber: 1, hotmart_status: ACTIVE
[2025-08-26 18:26:25] [HOTMART_SYNC] DEBUG: Assinatura 38101073 para bruggner@gmail.com (ACTIVE) inserida/atualizada em hotmart_subscriptions.
[2025-08-26 18:26:25] [HOTMART_SYNC] INFO: Usuário existente pintoreginamc@gmail.com atualizado. is_subscriber: 1, hotmart_status: ACTIVE
[2025-08-26 18:26:25] [HOTMART_SYNC] DEBUG: Assinatura 37420332 para pintoreginamc@gmail.com (ACTIVE) inserida/atualizada em hotmart_subscriptions.
[2025-08-26 18:26:25] [HOTMART_SYNC] INFO: Usuário existente catharine.tr@gmail.com atualizado. is_subscriber: 1, hotmart_status: ACTIVE
[2025-08-26 18:26:25] [HOTMART_SYNC] DEBUG: Assinatura 37673800 para catharine.tr@gmail.com (ACTIVE) inserida/atualizada em hotmart_subscriptions.
[2025-08-26 18:26:25] [HOTMART_SYNC] INFO: Usuário existente alinefretta@hotmail.com atualizado. is_subscriber: 1, hotmart_status: ACTIVE
[2025-08-26 18:26:25] [HOTMART_SYNC] DEBUG: Assinatura 37697277 para alinefretta@hotmail.com (ACTIVE) inserida/atualizada em hotmart_subscriptions.
[2025-08-26 18:26:25] [HOTMART_SYNC] INFO: Usuário existente causoares@gmail.com atualizado. is_subscriber: 1, hotmart_status: ACTIVE
[2025-08-26 18:26:25] [HOTMART_SYNC] DEBUG: Assinatura 37716436 para causoares@gmail.com (ACTIVE) inserida/atualizada em hotmart_subscriptions.
[2025-08-26 18:26:25] [HOTMART_SYNC] INFO: Usuário existente filipenasci_@hotmail.com atualizado. is_subscriber: 1, hotmart_status: ACTIVE
[2025-08-26 18:26:25] [HOTMART_SYNC] DEBUG: Assinatura 37831183 para filipenasci_@hotmail.com (ACTIVE) inserida/atualizada em hotmart_subscriptions.
[2025-08-26 18:26:25] [HOTMART_SYNC] INFO: Usuário existente angiecostabr@gmail.com atualizado. is_subscriber: 1, hotmart_status: ACTIVE
[2025-08-26 18:26:25] [HOTMART_SYNC] DEBUG: Assinatura 37917346 para angiecostabr@gmail.com (ACTIVE) inserida/atualizada em hotmart_subscriptions.
[2025-08-26 18:26:25] [HOTMART_SYNC] INFO: Usuário existente anaviegas.tradutora@gmail.com atualizado. is_subscriber: 1, hotmart_status: ACTIVE
[2025-08-26 18:26:25] [HOTMART_SYNC] DEBUG: Assinatura 37969261 para anaviegas.tradutora@gmail.com (ACTIVE) inserida/atualizada em hotmart_subscriptions.
[2025-08-26 18:26:25] [HOTMART_SYNC] INFO: Usuário existente eulalia-navarro@hotmail.com atualizado. is_subscriber: 1, hotmart_status: ACTIVE
[2025-08-26 18:26:25] [HOTMART_SYNC] DEBUG: Assinatura 38017363 para eulalia-navarro@hotmail.com (ACTIVE) inserida/atualizada em hotmart_subscriptions.
[2025-08-26 18:26:25] [HOTMART_SYNC] INFO: Usuário existente bruggner@gmail.com atualizado. is_subscriber: 0, hotmart_status: STARTED
[2025-08-26 18:26:25] [HOTMART_SYNC] DEBUG: Assinatura 38101024 para bruggner@gmail.com (STARTED) inserida/atualizada em hotmart_subscriptions.
[2025-08-26 18:26:25] [HOTMART_SYNC] INFO: Usuário existente bruggner@gmail.com atualizado. is_subscriber: 1, hotmart_status: ACTIVE
[2025-08-26 18:26:25] [HOTMART_SYNC] DEBUG: Assinatura 38101073 para bruggner@gmail.com (ACTIVE) inserida/atualizada em hotmart_subscriptions.
[2025-08-26 18:26:25] [HOTMART_SYNC] INFO: Usuário existente pintoreginamc@gmail.com atualizado. is_subscriber: 1, hotmart_status: ACTIVE
[2025-08-26 18:26:25] [HOTMART_SYNC] DEBUG: Assinatura 37420332 para pintoreginamc@gmail.com (ACTIVE) inserida/atualizada em hotmart_subscriptions.
[2025-08-26 18:26:25] [HOTMART_SYNC] INFO: Usuário existente catharine.tr@gmail.com atualizado. is_subscriber: 1, hotmart_status: ACTIVE
[2025-08-26 18:26:25] [HOTMART_SYNC] DEBUG: Assinatura 37673800 para catharine.tr@gmail.com (ACTIVE) inserida/atualizada em hotmart_subscriptions.
[2025-08-26 18:26:25] [HOTMART_SYNC] INFO: Usuário existente alinefretta@hotmail.com atualizado. is_subscriber: 1, hotmart_status: ACTIVE
[2025-08-26 18:26:25] [HOTMART_SYNC] DEBUG: Assinatura 37697277 para alinefretta@hotmail.com (ACTIVE) inserida/atualizada em hotmart_subscriptions.
[2025-08-26 18:26:25] [HOTMART_SYNC] INFO: Usuário existente causoares@gmail.com atualizado. is_subscriber: 1, hotmart_status: ACTIVE
[2025-08-26 18:26:25] [HOTMART_SYNC] DEBUG: Assinatura 37716436 para causoares@gmail.com (ACTIVE) inserida/atualizada em hotmart_subscriptions.
[2025-08-26 18:26:25] [HOTMART_SYNC] INFO: Usuário existente filipenasci_@hotmail.com atualizado. is_subscriber: 1, hotmart_status: ACTIVE
[2025-08-26 18:26:25] [HOTMART_SYNC] DEBUG: Assinatura 37831183 para filipenasci_@hotmail.com (ACTIVE) inserida/atualizada em hotmart_subscriptions.
[2025-08-26 18:26:25] [HOTMART_SYNC] INFO: Usuário existente angiecostabr@gmail.com atualizado. is_subscriber: 1, hotmart_status: ACTIVE
[2025-08-26 18:26:25] [HOTMART_SYNC] DEBUG: Assinatura 37917346 para angiecostabr@gmail.com (ACTIVE) inserida/atualizada em hotmart_subscriptions.
[2025-08-26 18:26:25] [HOTMART_SYNC] INFO: Usuário existente anaviegas.tradutora@gmail.com atualizado. is_subscriber: 1, hotmart_status: ACTIVE
[2025-08-26 18:26:25] [HOTMART_SYNC] DEBUG: Assinatura 37969261 para anaviegas.tradutora@gmail.com (ACTIVE) inserida/atualizada em hotmart_subscriptions.
[2025-08-26 18:26:25] [HOTMART_SYNC] INFO: Usuário existente eulalia-navarro@hotmail.com atualizado. is_subscriber: 1, hotmart_status: ACTIVE
[2025-08-26 18:26:25] [HOTMART_SYNC] DEBUG: Assinatura 38017363 para eulalia-navarro@hotmail.com (ACTIVE) inserida/atualizada em hotmart_subscriptions.
[2025-08-26 18:26:25] [HOTMART_SYNC] INFO: Usuário existente bruggner@gmail.com atualizado. is_subscriber: 0, hotmart_status: STARTED
[2025-08-26 18:26:25] [HOTMART_SYNC] DEBUG: Assinatura 38101024 para bruggner@gmail.com (STARTED) inserida/atualizada em hotmart_subscriptions.
[2025-08-26 18:26:25] [HOTMART_SYNC] INFO: Usuário existente bruggner@gmail.com atualizado. is_subscriber: 1, hotmart_status: ACTIVE
[2025-08-26 18:26:25] [HOTMART_SYNC] DEBUG: Assinatura 38101073 para bruggner@gmail.com (ACTIVE) inserida/atualizada em hotmart_subscriptions.
[2025-08-26 18:26:25] [HOTMART_SYNC] INFO: Não há mais next_page_token. Fim da paginação.
[2025-08-26 18:26:25] [HOTMART_SYNC] Sincronização de assinaturas concluída. Total de assinaturas sincronizadas: 60
[2025-08-26 18:50:23] [HOTMART_CLASS] Credenciais carregadas de constantes.
[2025-08-26 18:50:23] [HOTMART_CLASS] Hotmart API Base URL: https://api.hotmart.com/v1, OAuth URL: https://api-sec-vlc.hotmart.com/security/oauth/token, Subscriptions URL: https://developers.hotmart.com/payments/api/v1
[2025-08-26 18:50:23] [HOTMART_TOKEN_REQUEST] Solicitando access token para: https://api-sec-vlc.hotmart.com/security/oauth/token
[2025-08-26 18:50:24] [HOTMART_TOKEN_RESPONSE] Resposta do token HTTP 200: {"access_token":"H4sIAAAAAAAAAB2OyZKqMABFv6i7JIFGlswmYBDCmI3FIBAUB%2BQxfX37enmrzjl1LytuC7vkHsc02pBAOHqjeyCVOvpB12ca61j5vqx4y4AyM4p%2BkhWvLLGuiM%2B8gvhZ2RFP6cxZ2s6oeyxkiwAxVHg00M7VcVulwaP44263cv3zUSgEx
[2025-08-26 18:50:24] [HOTMART_TOKEN_SUCCESS] Access token obtido com sucesso
[2025-08-26 18:50:24] [HOTMART_ADMIN_ACTION] Admin Hotmart: Sincronização manual disparada.
[2025-08-26 18:50:24] [HOTMART_SYNC] Iniciando sincronização de assinaturas para o produto ID: 4304019
[2025-08-26 18:50:24] [HOTMART_TOKEN_REQUEST] Solicitando access token para: https://api-sec-vlc.hotmart.com/security/oauth/token
[2025-08-26 18:50:24] [HOTMART_TOKEN_RESPONSE] Resposta do token HTTP 200: {"access_token":"H4sIAAAAAAAAAB2R2bKqMBBFv4hTDIL6yKiJECQECHmxZDQMIh4shK%2B%2F3PPce63url0u8JGdcu5zGEYrkBAHv%2BCJ1dwEGmhfNDbh8adc4JrKx5mFQEsWuLDEaQGfeaHAV3GKOA1nzuhjBs3wRWskI0tXPAuIrgkfBcVD9pfrunz54wGRM
[2025-08-26 18:50:24] [HOTMART_TOKEN_SUCCESS] Access token obtido com sucesso
[2025-08-26 18:50:24] [HOTMART_SYNC] DEBUG: Buscando assinaturas (Requisição: 1). Parâmetros: {"product_id":4304019,"max_results":100}
[2025-08-26 18:50:24] [HOTMART_SUBSCRIPTIONS] Buscando assinaturas com parâmetros: {"max_results":100}
[2025-08-26 18:50:24] [HOTMART_API_REQUEST] Fazendo requisição GET para: https://developers.hotmart.com/payments/api/v1/subscriptions?max_results=100
[2025-08-26 18:50:25] [HOTMART_API_RESPONSE] Resposta HTTP 200: {"items":[{"subscriber_code":"UM1W581B","subscription_id":37420332,"status":"ACTIVE","accession_date":1754165639000,"request_date":1754165635000,"trial":false,"plan":{"name":"Premium Plus Anual","id":833189,"recurrency_period":360},"product":{"name":"Assinatura Premium Plus Translators101","id":4304019,"ucode":"29138ca1-3f2b-4502-b8e7-06cf058ecad7"},"price":{"currency_code":"BRL","value":550.00},"subscriber":{"name":"Regina Maria de Souza Correia Pinto","ucode":"70e6f87c-8587-4e8d-aca0-3a9676a42
[2025-08-26 18:50:25] [HOTMART_SUBSCRIPTIONS] Buscando assinaturas com parâmetros: {"max_results":100}
[2025-08-26 18:50:25] [HOTMART_API_REQUEST] Fazendo requisição GET para: https://developers.hotmart.com/payments/api/v1/subscriptions?max_results=100
[2025-08-26 18:50:25] [HOTMART_API_RESPONSE] Resposta HTTP 200: {"items":[{"subscriber_code":"UM1W581B","subscription_id":37420332,"status":"ACTIVE","accession_date":1754165639000,"request_date":1754165635000,"trial":false,"plan":{"name":"Premium Plus Anual","id":833189,"recurrency_period":360},"product":{"name":"Assinatura Premium Plus Translators101","id":4304019,"ucode":"29138ca1-3f2b-4502-b8e7-06cf058ecad7"},"price":{"currency_code":"BRL","value":550.00},"subscriber":{"name":"Regina Maria de Souza Correia Pinto","ucode":"70e6f87c-8587-4e8d-aca0-3a9676a42
[2025-08-26 18:50:25] [HOTMART_SUBSCRIPTIONS] Buscando assinaturas com parâmetros: {"max_results":100}
[2025-08-26 18:50:25] [HOTMART_API_REQUEST] Fazendo requisição GET para: https://developers.hotmart.com/payments/api/v1/subscriptions?max_results=100
[2025-08-26 18:50:25] [HOTMART_API_RESPONSE] Resposta HTTP 200: {"items":[{"subscriber_code":"UM1W581B","subscription_id":37420332,"status":"ACTIVE","accession_date":1754165639000,"request_date":1754165635000,"trial":false,"plan":{"name":"Premium Plus Anual","id":833189,"recurrency_period":360},"product":{"name":"Assinatura Premium Plus Translators101","id":4304019,"ucode":"29138ca1-3f2b-4502-b8e7-06cf058ecad7"},"price":{"currency_code":"BRL","value":550.00},"subscriber":{"name":"Regina Maria de Souza Correia Pinto","ucode":"70e6f87c-8587-4e8d-aca0-3a9676a42
[2025-08-26 18:50:25] [HOTMART_SUBSCRIPTIONS] Buscando assinaturas com parâmetros: {"max_results":100}
[2025-08-26 18:50:25] [HOTMART_API_REQUEST] Fazendo requisição GET para: https://developers.hotmart.com/payments/api/v1/subscriptions?max_results=100
[2025-08-26 18:50:26] [HOTMART_API_RESPONSE] Resposta HTTP 200: {"items":[{"subscriber_code":"UM1W581B","subscription_id":37420332,"status":"ACTIVE","accession_date":1754165639000,"request_date":1754165635000,"trial":false,"plan":{"name":"Premium Plus Anual","id":833189,"recurrency_period":360},"product":{"name":"Assinatura Premium Plus Translators101","id":4304019,"ucode":"29138ca1-3f2b-4502-b8e7-06cf058ecad7"},"price":{"currency_code":"BRL","value":550.00},"subscriber":{"name":"Regina Maria de Souza Correia Pinto","ucode":"70e6f87c-8587-4e8d-aca0-3a9676a42
[2025-08-26 18:50:26] [HOTMART_SUBSCRIPTIONS] Buscando assinaturas com parâmetros: {"max_results":100}
[2025-08-26 18:50:26] [HOTMART_API_REQUEST] Fazendo requisição GET para: https://developers.hotmart.com/payments/api/v1/subscriptions?max_results=100
[2025-08-26 18:50:26] [HOTMART_API_RESPONSE] Resposta HTTP 200: {"items":[{"subscriber_code":"UM1W581B","subscription_id":37420332,"status":"ACTIVE","accession_date":1754165639000,"request_date":1754165635000,"trial":false,"plan":{"name":"Premium Plus Anual","id":833189,"recurrency_period":360},"product":{"name":"Assinatura Premium Plus Translators101","id":4304019,"ucode":"29138ca1-3f2b-4502-b8e7-06cf058ecad7"},"price":{"currency_code":"BRL","value":550.00},"subscriber":{"name":"Regina Maria de Souza Correia Pinto","ucode":"70e6f87c-8587-4e8d-aca0-3a9676a42
[2025-08-26 18:50:26] [HOTMART_SUBSCRIPTIONS] Buscando assinaturas com parâmetros: {"max_results":100}
[2025-08-26 18:50:26] [HOTMART_API_REQUEST] Fazendo requisição GET para: https://developers.hotmart.com/payments/api/v1/subscriptions?max_results=100
[2025-08-26 18:50:26] [HOTMART_API_RESPONSE] Resposta HTTP 200: {"items":[{"subscriber_code":"UM1W581B","subscription_id":37420332,"status":"ACTIVE","accession_date":1754165639000,"request_date":1754165635000,"trial":false,"plan":{"name":"Premium Plus Anual","id":833189,"recurrency_period":360},"product":{"name":"Assinatura Premium Plus Translators101","id":4304019,"ucode":"29138ca1-3f2b-4502-b8e7-06cf058ecad7"},"price":{"currency_code":"BRL","value":550.00},"subscriber":{"name":"Regina Maria de Souza Correia Pinto","ucode":"70e6f87c-8587-4e8d-aca0-3a9676a42
[2025-08-26 18:50:26] [HOTMART_SYNC] INFO: Assinaturas encontradas (Requisição 1): 60
[2025-08-26 18:50:26] [HOTMART_SYNC] INFO: Usuário existente pintoreginamc@gmail.com atualizado. is_subscriber: 1, hotmart_status: ACTIVE
[2025-08-26 18:50:26] [HOTMART_SYNC] DEBUG: Assinatura 37420332 para pintoreginamc@gmail.com (ACTIVE) inserida/atualizada em hotmart_subscriptions.
[2025-08-26 18:50:26] [HOTMART_SYNC] INFO: Usuário existente catharine.tr@gmail.com atualizado. is_subscriber: 1, hotmart_status: ACTIVE
[2025-08-26 18:50:26] [HOTMART_SYNC] DEBUG: Assinatura 37673800 para catharine.tr@gmail.com (ACTIVE) inserida/atualizada em hotmart_subscriptions.
[2025-08-26 18:50:26] [HOTMART_SYNC] INFO: Usuário existente alinefretta@hotmail.com atualizado. is_subscriber: 1, hotmart_status: ACTIVE
[2025-08-26 18:50:26] [HOTMART_SYNC] DEBUG: Assinatura 37697277 para alinefretta@hotmail.com (ACTIVE) inserida/atualizada em hotmart_subscriptions.
[2025-08-26 18:50:26] [HOTMART_SYNC] INFO: Usuário existente causoares@gmail.com atualizado. is_subscriber: 1, hotmart_status: ACTIVE
[2025-08-26 18:50:26] [HOTMART_SYNC] DEBUG: Assinatura 37716436 para causoares@gmail.com (ACTIVE) inserida/atualizada em hotmart_subscriptions.
[2025-08-26 18:50:26] [HOTMART_SYNC] INFO: Usuário existente filipenasci_@hotmail.com atualizado. is_subscriber: 1, hotmart_status: ACTIVE
[2025-08-26 18:50:26] [HOTMART_SYNC] DEBUG: Assinatura 37831183 para filipenasci_@hotmail.com (ACTIVE) inserida/atualizada em hotmart_subscriptions.
[2025-08-26 18:50:26] [HOTMART_SYNC] INFO: Usuário existente angiecostabr@gmail.com atualizado. is_subscriber: 1, hotmart_status: ACTIVE
[2025-08-26 18:50:26] [HOTMART_SYNC] DEBUG: Assinatura 37917346 para angiecostabr@gmail.com (ACTIVE) inserida/atualizada em hotmart_subscriptions.
[2025-08-26 18:50:26] [HOTMART_SYNC] INFO: Usuário existente anaviegas.tradutora@gmail.com atualizado. is_subscriber: 1, hotmart_status: ACTIVE
[2025-08-26 18:50:26] [HOTMART_SYNC] DEBUG: Assinatura 37969261 para anaviegas.tradutora@gmail.com (ACTIVE) inserida/atualizada em hotmart_subscriptions.
[2025-08-26 18:50:26] [HOTMART_SYNC] INFO: Usuário existente eulalia-navarro@hotmail.com atualizado. is_subscriber: 1, hotmart_status: ACTIVE
[2025-08-26 18:50:26] [HOTMART_SYNC] DEBUG: Assinatura 38017363 para eulalia-navarro@hotmail.com (ACTIVE) inserida/atualizada em hotmart_subscriptions.
[2025-08-26 18:50:26] [HOTMART_SYNC] INFO: Usuário existente bruggner@gmail.com atualizado. is_subscriber: 0, hotmart_status: STARTED
[2025-08-26 18:50:26] [HOTMART_SYNC] DEBUG: Assinatura 38101024 para bruggner@gmail.com (STARTED) inserida/atualizada em hotmart_subscriptions.
[2025-08-26 18:50:26] [HOTMART_SYNC] INFO: Usuário existente bruggner@gmail.com atualizado. is_subscriber: 1, hotmart_status: ACTIVE
[2025-08-26 18:50:26] [HOTMART_SYNC] DEBUG: Assinatura 38101073 para bruggner@gmail.com (ACTIVE) inserida/atualizada em hotmart_subscriptions.
[2025-08-26 18:50:26] [HOTMART_SYNC] INFO: Usuário existente pintoreginamc@gmail.com atualizado. is_subscriber: 1, hotmart_status: ACTIVE
[2025-08-26 18:50:26] [HOTMART_SYNC] DEBUG: Assinatura 37420332 para pintoreginamc@gmail.com (ACTIVE) inserida/atualizada em hotmart_subscriptions.
[2025-08-26 18:50:26] [HOTMART_SYNC] INFO: Usuário existente catharine.tr@gmail.com atualizado. is_subscriber: 1, hotmart_status: ACTIVE
[2025-08-26 18:50:26] [HOTMART_SYNC] DEBUG: Assinatura 37673800 para catharine.tr@gmail.com (ACTIVE) inserida/atualizada em hotmart_subscriptions.
[2025-08-26 18:50:26] [HOTMART_SYNC] INFO: Usuário existente alinefretta@hotmail.com atualizado. is_subscriber: 1, hotmart_status: ACTIVE
[2025-08-26 18:50:26] [HOTMART_SYNC] DEBUG: Assinatura 37697277 para alinefretta@hotmail.com (ACTIVE) inserida/atualizada em hotmart_subscriptions.
[2025-08-26 18:50:26] [HOTMART_SYNC] INFO: Usuário existente causoares@gmail.com atualizado. is_subscriber: 1, hotmart_status: ACTIVE
[2025-08-26 18:50:26] [HOTMART_SYNC] DEBUG: Assinatura 37716436 para causoares@gmail.com (ACTIVE) inserida/atualizada em hotmart_subscriptions.
[2025-08-26 18:50:26] [HOTMART_SYNC] INFO: Usuário existente filipenasci_@hotmail.com atualizado. is_subscriber: 1, hotmart_status: ACTIVE
[2025-08-26 18:50:26] [HOTMART_SYNC] DEBUG: Assinatura 37831183 para filipenasci_@hotmail.com (ACTIVE) inserida/atualizada em hotmart_subscriptions.
[2025-08-26 18:50:26] [HOTMART_SYNC] INFO: Usuário existente angiecostabr@gmail.com atualizado. is_subscriber: 1, hotmart_status: ACTIVE
[2025-08-26 18:50:26] [HOTMART_SYNC] DEBUG: Assinatura 37917346 para angiecostabr@gmail.com (ACTIVE) inserida/atualizada em hotmart_subscriptions.
[2025-08-26 18:50:26] [HOTMART_SYNC] INFO: Usuário existente anaviegas.tradutora@gmail.com atualizado. is_subscriber: 1, hotmart_status: ACTIVE
[2025-08-26 18:50:26] [HOTMART_SYNC] DEBUG: Assinatura 37969261 para anaviegas.tradutora@gmail.com (ACTIVE) inserida/atualizada em hotmart_subscriptions.
[2025-08-26 18:50:26] [HOTMART_SYNC] INFO: Usuário existente eulalia-navarro@hotmail.com atualizado. is_subscriber: 1, hotmart_status: ACTIVE
[2025-08-26 18:50:26] [HOTMART_SYNC] DEBUG: Assinatura 38017363 para eulalia-navarro@hotmail.com (ACTIVE) inserida/atualizada em hotmart_subscriptions.
[2025-08-26 18:50:26] [HOTMART_SYNC] INFO: Usuário existente bruggner@gmail.com atualizado. is_subscriber: 0, hotmart_status: STARTED
[2025-08-26 18:50:26] [HOTMART_SYNC] DEBUG: Assinatura 38101024 para bruggner@gmail.com (STARTED) inserida/atualizada em hotmart_subscriptions.
[2025-08-26 18:50:26] [HOTMART_SYNC] INFO: Usuário existente bruggner@gmail.com atualizado. is_subscriber: 1, hotmart_status: ACTIVE
[2025-08-26 18:50:26] [HOTMART_SYNC] DEBUG: Assinatura 38101073 para bruggner@gmail.com (ACTIVE) inserida/atualizada em hotmart_subscriptions.
[2025-08-26 18:50:26] [HOTMART_SYNC] INFO: Usuário existente pintoreginamc@gmail.com atualizado. is_subscriber: 1, hotmart_status: ACTIVE
[2025-08-26 18:50:26] [HOTMART_SYNC] DEBUG: Assinatura 37420332 para pintoreginamc@gmail.com (ACTIVE) inserida/atualizada em hotmart_subscriptions.
[2025-08-26 18:50:26] [HOTMART_SYNC] INFO: Usuário existente catharine.tr@gmail.com atualizado. is_subscriber: 1, hotmart_status: ACTIVE
[2025-08-26 18:50:26] [HOTMART_SYNC] DEBUG: Assinatura 37673800 para catharine.tr@gmail.com (ACTIVE) inserida/atualizada em hotmart_subscriptions.
[2025-08-26 18:50:26] [HOTMART_SYNC] INFO: Usuário existente alinefretta@hotmail.com atualizado. is_subscriber: 1, hotmart_status: ACTIVE
[2025-08-26 18:50:26] [HOTMART_SYNC] DEBUG: Assinatura 37697277 para alinefretta@hotmail.com (ACTIVE) inserida/atualizada em hotmart_subscriptions.
[2025-08-26 18:50:26] [HOTMART_SYNC] INFO: Usuário existente causoares@gmail.com atualizado. is_subscriber: 1, hotmart_status: ACTIVE
[2025-08-26 18:50:26] [HOTMART_SYNC] DEBUG: Assinatura 37716436 para causoares@gmail.com (ACTIVE) inserida/atualizada em hotmart_subscriptions.
[2025-08-26 18:50:26] [HOTMART_SYNC] INFO: Usuário existente filipenasci_@hotmail.com atualizado. is_subscriber: 1, hotmart_status: ACTIVE
[2025-08-26 18:50:26] [HOTMART_SYNC] DEBUG: Assinatura 37831183 para filipenasci_@hotmail.com (ACTIVE) inserida/atualizada em hotmart_subscriptions.
[2025-08-26 18:50:26] [HOTMART_SYNC] INFO: Usuário existente angiecostabr@gmail.com atualizado. is_subscriber: 1, hotmart_status: ACTIVE
[2025-08-26 18:50:26] [HOTMART_SYNC] DEBUG: Assinatura 37917346 para angiecostabr@gmail.com (ACTIVE) inserida/atualizada em hotmart_subscriptions.
[2025-08-26 18:50:26] [HOTMART_SYNC] INFO: Usuário existente anaviegas.tradutora@gmail.com atualizado. is_subscriber: 1, hotmart_status: ACTIVE
[2025-08-26 18:50:26] [HOTMART_SYNC] DEBUG: Assinatura 37969261 para anaviegas.tradutora@gmail.com (ACTIVE) inserida/atualizada em hotmart_subscriptions.
[2025-08-26 18:50:26] [HOTMART_SYNC] INFO: Usuário existente eulalia-navarro@hotmail.com atualizado. is_subscriber: 1, hotmart_status: ACTIVE
[2025-08-26 18:50:26] [HOTMART_SYNC] DEBUG: Assinatura 38017363 para eulalia-navarro@hotmail.com (ACTIVE) inserida/atualizada em hotmart_subscriptions.
[2025-08-26 18:50:26] [HOTMART_SYNC] INFO: Usuário existente bruggner@gmail.com atualizado. is_subscriber: 0, hotmart_status: STARTED
[2025-08-26 18:50:26] [HOTMART_SYNC] DEBUG: Assinatura 38101024 para bruggner@gmail.com (STARTED) inserida/atualizada em hotmart_subscriptions.
[2025-08-26 18:50:26] [HOTMART_SYNC] INFO: Usuário existente bruggner@gmail.com atualizado. is_subscriber: 1, hotmart_status: ACTIVE
[2025-08-26 18:50:26] [HOTMART_SYNC] DEBUG: Assinatura 38101073 para bruggner@gmail.com (ACTIVE) inserida/atualizada em hotmart_subscriptions.
[2025-08-26 18:50:26] [HOTMART_SYNC] INFO: Usuário existente pintoreginamc@gmail.com atualizado. is_subscriber: 1, hotmart_status: ACTIVE
[2025-08-26 18:50:26] [HOTMART_SYNC] DEBUG: Assinatura 37420332 para pintoreginamc@gmail.com (ACTIVE) inserida/atualizada em hotmart_subscriptions.
[2025-08-26 18:50:26] [HOTMART_SYNC] INFO: Usuário existente catharine.tr@gmail.com atualizado. is_subscriber: 1, hotmart_status: ACTIVE
[2025-08-26 18:50:26] [HOTMART_SYNC] DEBUG: Assinatura 37673800 para catharine.tr@gmail.com (ACTIVE) inserida/atualizada em hotmart_subscriptions.
[2025-08-26 18:50:26] [HOTMART_SYNC] INFO: Usuário existente alinefretta@hotmail.com atualizado. is_subscriber: 1, hotmart_status: ACTIVE
[2025-08-26 18:50:26] [HOTMART_SYNC] DEBUG: Assinatura 37697277 para alinefretta@hotmail.com (ACTIVE) inserida/atualizada em hotmart_subscriptions.
[2025-08-26 18:50:26] [HOTMART_SYNC] INFO: Usuário existente causoares@gmail.com atualizado. is_subscriber: 1, hotmart_status: ACTIVE
[2025-08-26 18:50:26] [HOTMART_SYNC] DEBUG: Assinatura 37716436 para causoares@gmail.com (ACTIVE) inserida/atualizada em hotmart_subscriptions.
[2025-08-26 18:50:26] [HOTMART_SYNC] INFO: Usuário existente filipenasci_@hotmail.com atualizado. is_subscriber: 1, hotmart_status: ACTIVE
[2025-08-26 18:50:26] [HOTMART_SYNC] DEBUG: Assinatura 37831183 para filipenasci_@hotmail.com (ACTIVE) inserida/atualizada em hotmart_subscriptions.
[2025-08-26 18:50:26] [HOTMART_SYNC] INFO: Usuário existente angiecostabr@gmail.com atualizado. is_subscriber: 1, hotmart_status: ACTIVE
[2025-08-26 18:50:26] [HOTMART_SYNC] DEBUG: Assinatura 37917346 para angiecostabr@gmail.com (ACTIVE) inserida/atualizada em hotmart_subscriptions.
[2025-08-26 18:50:26] [HOTMART_SYNC] INFO: Usuário existente anaviegas.tradutora@gmail.com atualizado. is_subscriber: 1, hotmart_status: ACTIVE
[2025-08-26 18:50:26] [HOTMART_SYNC] DEBUG: Assinatura 37969261 para anaviegas.tradutora@gmail.com (ACTIVE) inserida/atualizada em hotmart_subscriptions.
[2025-08-26 18:50:26] [HOTMART_SYNC] INFO: Usuário existente eulalia-navarro@hotmail.com atualizado. is_subscriber: 1, hotmart_status: ACTIVE
[2025-08-26 18:50:26] [HOTMART_SYNC] DEBUG: Assinatura 38017363 para eulalia-navarro@hotmail.com (ACTIVE) inserida/atualizada em hotmart_subscriptions.
[2025-08-26 18:50:26] [HOTMART_SYNC] INFO: Usuário existente bruggner@gmail.com atualizado. is_subscriber: 0, hotmart_status: STARTED
[2025-08-26 18:50:26] [HOTMART_SYNC] DEBUG: Assinatura 38101024 para bruggner@gmail.com (STARTED) inserida/atualizada em hotmart_subscriptions.
[2025-08-26 18:50:26] [HOTMART_SYNC] INFO: Usuário existente bruggner@gmail.com atualizado. is_subscriber: 1, hotmart_status: ACTIVE
[2025-08-26 18:50:26] [HOTMART_SYNC] DEBUG: Assinatura 38101073 para bruggner@gmail.com (ACTIVE) inserida/atualizada em hotmart_subscriptions.
[2025-08-26 18:50:26] [HOTMART_SYNC] INFO: Usuário existente pintoreginamc@gmail.com atualizado. is_subscriber: 1, hotmart_status: ACTIVE
[2025-08-26 18:50:26] [HOTMART_SYNC] DEBUG: Assinatura 37420332 para pintoreginamc@gmail.com (ACTIVE) inserida/atualizada em hotmart_subscriptions.
[2025-08-26 18:50:26] [HOTMART_SYNC] INFO: Usuário existente catharine.tr@gmail.com atualizado. is_subscriber: 1, hotmart_status: ACTIVE
[2025-08-26 18:50:26] [HOTMART_SYNC] DEBUG: Assinatura 37673800 para catharine.tr@gmail.com (ACTIVE) inserida/atualizada em hotmart_subscriptions.
[2025-08-26 18:50:26] [HOTMART_SYNC] INFO: Usuário existente alinefretta@hotmail.com atualizado. is_subscriber: 1, hotmart_status: ACTIVE
[2025-08-26 18:50:26] [HOTMART_SYNC] DEBUG: Assinatura 37697277 para alinefretta@hotmail.com (ACTIVE) inserida/atualizada em hotmart_subscriptions.
[2025-08-26 18:50:26] [HOTMART_SYNC] INFO: Usuário existente causoares@gmail.com atualizado. is_subscriber: 1, hotmart_status: ACTIVE
[2025-08-26 18:50:26] [HOTMART_SYNC] DEBUG: Assinatura 37716436 para causoares@gmail.com (ACTIVE) inserida/atualizada em hotmart_subscriptions.
[2025-08-26 18:50:26] [HOTMART_SYNC] INFO: Usuário existente filipenasci_@hotmail.com atualizado. is_subscriber: 1, hotmart_status: ACTIVE
[2025-08-26 18:50:26] [HOTMART_SYNC] DEBUG: Assinatura 37831183 para filipenasci_@hotmail.com (ACTIVE) inserida/atualizada em hotmart_subscriptions.
[2025-08-26 18:50:26] [HOTMART_SYNC] INFO: Usuário existente angiecostabr@gmail.com atualizado. is_subscriber: 1, hotmart_status: ACTIVE
[2025-08-26 18:50:26] [HOTMART_SYNC] DEBUG: Assinatura 37917346 para angiecostabr@gmail.com (ACTIVE) inserida/atualizada em hotmart_subscriptions.
[2025-08-26 18:50:26] [HOTMART_SYNC] INFO: Usuário existente anaviegas.tradutora@gmail.com atualizado. is_subscriber: 1, hotmart_status: ACTIVE
[2025-08-26 18:50:26] [HOTMART_SYNC] DEBUG: Assinatura 37969261 para anaviegas.tradutora@gmail.com (ACTIVE) inserida/atualizada em hotmart_subscriptions.
[2025-08-26 18:50:26] [HOTMART_SYNC] INFO: Usuário existente eulalia-navarro@hotmail.com atualizado. is_subscriber: 1, hotmart_status: ACTIVE
[2025-08-26 18:50:26] [HOTMART_SYNC] DEBUG: Assinatura 38017363 para eulalia-navarro@hotmail.com (ACTIVE) inserida/atualizada em hotmart_subscriptions.
[2025-08-26 18:50:26] [HOTMART_SYNC] INFO: Usuário existente bruggner@gmail.com atualizado. is_subscriber: 0, hotmart_status: STARTED
[2025-08-26 18:50:26] [HOTMART_SYNC] DEBUG: Assinatura 38101024 para bruggner@gmail.com (STARTED) inserida/atualizada em hotmart_subscriptions.
[2025-08-26 18:50:26] [HOTMART_SYNC] INFO: Usuário existente bruggner@gmail.com atualizado. is_subscriber: 1, hotmart_status: ACTIVE
[2025-08-26 18:50:26] [HOTMART_SYNC] DEBUG: Assinatura 38101073 para bruggner@gmail.com (ACTIVE) inserida/atualizada em hotmart_subscriptions.
[2025-08-26 18:50:26] [HOTMART_SYNC] INFO: Usuário existente pintoreginamc@gmail.com atualizado. is_subscriber: 1, hotmart_status: ACTIVE
[2025-08-26 18:50:26] [HOTMART_SYNC] DEBUG: Assinatura 37420332 para pintoreginamc@gmail.com (ACTIVE) inserida/atualizada em hotmart_subscriptions.
[2025-08-26 18:50:26] [HOTMART_SYNC] INFO: Usuário existente catharine.tr@gmail.com atualizado. is_subscriber: 1, hotmart_status: ACTIVE
[2025-08-26 18:50:26] [HOTMART_SYNC] DEBUG: Assinatura 37673800 para catharine.tr@gmail.com (ACTIVE) inserida/atualizada em hotmart_subscriptions.
[2025-08-26 18:50:26] [HOTMART_SYNC] INFO: Usuário existente alinefretta@hotmail.com atualizado. is_subscriber: 1, hotmart_status: ACTIVE
[2025-08-26 18:50:26] [HOTMART_SYNC] DEBUG: Assinatura 37697277 para alinefretta@hotmail.com (ACTIVE) inserida/atualizada em hotmart_subscriptions.
[2025-08-26 18:50:26] [HOTMART_SYNC] INFO: Usuário existente causoares@gmail.com atualizado. is_subscriber: 1, hotmart_status: ACTIVE
[2025-08-26 18:50:26] [HOTMART_SYNC] DEBUG: Assinatura 37716436 para causoares@gmail.com (ACTIVE) inserida/atualizada em hotmart_subscriptions.
[2025-08-26 18:50:26] [HOTMART_SYNC] INFO: Usuário existente filipenasci_@hotmail.com atualizado. is_subscriber: 1, hotmart_status: ACTIVE
[2025-08-26 18:50:26] [HOTMART_SYNC] DEBUG: Assinatura 37831183 para filipenasci_@hotmail.com (ACTIVE) inserida/atualizada em hotmart_subscriptions.
[2025-08-26 18:50:26] [HOTMART_SYNC] INFO: Usuário existente angiecostabr@gmail.com atualizado. is_subscriber: 1, hotmart_status: ACTIVE
[2025-08-26 18:50:26] [HOTMART_SYNC] DEBUG: Assinatura 37917346 para angiecostabr@gmail.com (ACTIVE) inserida/atualizada em hotmart_subscriptions.
[2025-08-26 18:50:26] [HOTMART_SYNC] INFO: Usuário existente anaviegas.tradutora@gmail.com atualizado. is_subscriber: 1, hotmart_status: ACTIVE
[2025-08-26 18:50:26] [HOTMART_SYNC] DEBUG: Assinatura 37969261 para anaviegas.tradutora@gmail.com (ACTIVE) inserida/atualizada em hotmart_subscriptions.
[2025-08-26 18:50:26] [HOTMART_SYNC] INFO: Usuário existente eulalia-navarro@hotmail.com atualizado. is_subscriber: 1, hotmart_status: ACTIVE
[2025-08-26 18:50:26] [HOTMART_SYNC] DEBUG: Assinatura 38017363 para eulalia-navarro@hotmail.com (ACTIVE) inserida/atualizada em hotmart_subscriptions.
[2025-08-26 18:50:26] [HOTMART_SYNC] INFO: Usuário existente bruggner@gmail.com atualizado. is_subscriber: 0, hotmart_status: STARTED
[2025-08-26 18:50:26] [HOTMART_SYNC] DEBUG: Assinatura 38101024 para bruggner@gmail.com (STARTED) inserida/atualizada em hotmart_subscriptions.
[2025-08-26 18:50:26] [HOTMART_SYNC] INFO: Usuário existente bruggner@gmail.com atualizado. is_subscriber: 1, hotmart_status: ACTIVE
[2025-08-26 18:50:26] [HOTMART_SYNC] DEBUG: Assinatura 38101073 para bruggner@gmail.com (ACTIVE) inserida/atualizada em hotmart_subscriptions.
[2025-08-26 18:50:26] [HOTMART_SYNC] INFO: Não há mais next_page_token. Fim da paginação.
[2025-08-26 18:50:26] [HOTMART_SYNC] Sincronização de assinaturas concluída. Total de assinaturas sincronizadas: 60
[2025-08-26 21:08:29] [WEBHOOK] Requisição de Webhook da Hotmart recebida.
[2025-08-26 21:08:29] [WEBHOOK_ERROR] Token de validação do webhook inválido. Acesso negado.
[2025-08-26 21:23:31] [WEBHOOK] Requisição de Webhook da Hotmart recebida.
[2025-08-26 21:23:31] [WEBHOOK_ERROR] Token de validação do webhook inválido. Acesso negado.
[2025-08-26 21:25:56] [WEBHOOK] Requisição de Webhook da Hotmart recebida.
[2025-08-26 21:25:56] [WEBHOOK_ERROR] Token de validação do webhook inválido. Acesso negado.
[2025-08-26 21:38:33] [WEBHOOK] Requisição de Webhook da Hotmart recebida.
[2025-08-26 21:38:33] [WEBHOOK_ERROR] Token de validação do webhook inválido. Acesso negado.
[2025-08-26 21:40:59] [WEBHOOK] Requisição de Webhook da Hotmart recebida.
[2025-08-26 21:40:59] [WEBHOOK_ERROR] Token de validação do webhook inválido. Acesso negado.
[2025-08-26 21:56:00] [WEBHOOK] Requisição de Webhook da Hotmart recebida.
[2025-08-26 21:56:00] [WEBHOOK_ERROR] Token de validação do webhook inválido. Acesso negado.
[2025-08-27 09:19:50] [WEBHOOK] Requisição de Webhook da Hotmart recebida.
[2025-08-27 09:19:50] [WEBHOOK_ERROR] Token de validação do webhook inválido. Acesso negado.
[2025-08-27 09:34:52] [WEBHOOK] Requisição de Webhook da Hotmart recebida.
[2025-08-27 09:34:52] [WEBHOOK_ERROR] Token de validação do webhook inválido. Acesso negado.
[2025-08-27 09:49:55] [WEBHOOK] Requisição de Webhook da Hotmart recebida.
[2025-08-27 09:49:55] [WEBHOOK_ERROR] Token de validação do webhook inválido. Acesso negado.
[2025-08-27 11:18:51] [WEBHOOK] Requisição de Webhook da Hotmart recebida.
[2025-08-27 11:18:51] [WEBHOOK_ERROR] Token de validação do webhook inválido. Acesso negado.
[2025-08-27 11:33:53] [WEBHOOK] Requisição de Webhook da Hotmart recebida.
[2025-08-27 11:33:53] [WEBHOOK_ERROR] Token de validação do webhook inválido. Acesso negado.
[2025-08-27 11:48:55] [WEBHOOK] Requisição de Webhook da Hotmart recebida.
[2025-08-27 11:48:55] [WEBHOOK_ERROR] Token de validação do webhook inválido. Acesso negado.
[2025-08-27 12:40:33] [WEBHOOK] Requisição de Webhook da Hotmart recebida.
[2025-08-27 12:40:33] [WEBHOOK_ERROR] Token de validação do webhook inválido. Acesso negado.
[2025-08-27 12:55:35] [WEBHOOK] Requisição de Webhook da Hotmart recebida.
[2025-08-27 12:55:35] [WEBHOOK_ERROR] Token de validação do webhook inválido. Acesso negado.
[2025-08-27 13:10:37] [WEBHOOK] Requisição de Webhook da Hotmart recebida.
[2025-08-27 13:10:37] [WEBHOOK_ERROR] Token de validação do webhook inválido. Acesso negado.
[2025-08-27 13:33:51] [WEBHOOK] Requisição de Webhook da Hotmart recebida.
[2025-08-27 13:33:51] [WEBHOOK_ERROR] Token de validação do webhook inválido. Acesso negado.
[2025-08-27 13:48:53] [WEBHOOK] Requisição de Webhook da Hotmart recebida.
[2025-08-27 13:48:53] [WEBHOOK_ERROR] Token de validação do webhook inválido. Acesso negado.
[2025-08-27 14:03:55] [WEBHOOK] Requisição de Webhook da Hotmart recebida.
[2025-08-27 14:03:55] [WEBHOOK_ERROR] Token de validação do webhook inválido. Acesso negado.
[2025-08-27 15:18:36] [WEBHOOK] Requisição de Webhook da Hotmart recebida.
[2025-08-27 15:18:36] [WEBHOOK_ERROR] Token de validação do webhook inválido. Acesso negado.
[2025-08-27 15:33:38] [WEBHOOK] Requisição de Webhook da Hotmart recebida.
[2025-08-27 15:33:38] [WEBHOOK_ERROR] Token de validação do webhook inválido. Acesso negado.
[2025-08-27 15:48:40] [WEBHOOK] Requisição de Webhook da Hotmart recebida.
[2025-08-27 15:48:40] [WEBHOOK_ERROR] Token de validação do webhook inválido. Acesso negado.
[2025-08-27 20:51:46] [WEBHOOK] Requisição de Webhook da Hotmart recebida.
[2025-08-27 20:51:46] [WEBHOOK_ERROR] Token de validação do webhook inválido. Acesso negado.
[2025-08-27 21:06:47] [WEBHOOK] Requisição de Webhook da Hotmart recebida.
[2025-08-27 21:06:47] [WEBHOOK_ERROR] Token de validação do webhook inválido. Acesso negado.
[2025-08-27 21:21:49] [WEBHOOK] Requisição de Webhook da Hotmart recebida.
[2025-08-27 21:21:49] [WEBHOOK_ERROR] Token de validação do webhook inválido. Acesso negado.
[2025-08-28 07:26:50] [WEBHOOK] Requisição de Webhook da Hotmart recebida.
[2025-08-28 07:26:50] [WEBHOOK_ERROR] Token de validação do webhook inválido. Acesso negado.
[2025-08-28 07:41:51] [WEBHOOK] Requisição de Webhook da Hotmart recebida.
[2025-08-28 07:41:51] [WEBHOOK_ERROR] Token de validação do webhook inválido. Acesso negado.
[2025-08-28 07:56:53] [WEBHOOK] Requisição de Webhook da Hotmart recebida.
[2025-08-28 07:56:53] [WEBHOOK_ERROR] Token de validação do webhook inválido. Acesso negado.
[2025-08-28 11:16:50] [WEBHOOK] Requisição de Webhook da Hotmart recebida.
[2025-08-28 11:16:50] [WEBHOOK_ERROR] Token de validação do webhook inválido. Acesso negado.
[2025-08-28 11:31:51] [WEBHOOK] Requisição de Webhook da Hotmart recebida.
[2025-08-28 11:31:51] [WEBHOOK_ERROR] Token de validação do webhook inválido. Acesso negado.
[2025-08-28 11:46:53] [WEBHOOK] Requisição de Webhook da Hotmart recebida.
[2025-08-28 11:46:53] [WEBHOOK_ERROR] Token de validação do webhook inválido. Acesso negado.
[2025-08-28 12:48:01] [WEBHOOK] Requisição de Webhook da Hotmart recebida.
[2025-08-28 12:48:01] [WEBHOOK_ERROR] Token de validação do webhook inválido. Acesso negado.
[2025-08-28 13:03:03] [WEBHOOK] Requisição de Webhook da Hotmart recebida.
[2025-08-28 13:03:03] [WEBHOOK_ERROR] Token de validação do webhook inválido. Acesso negado.
[2025-08-28 13:05:36] [WEBHOOK] Requisição de Webhook da Hotmart recebida.
[2025-08-28 13:05:36] [WEBHOOK_ERROR] Token de validação do webhook inválido. Acesso negado.
[2025-08-28 13:18:05] [WEBHOOK] Requisição de Webhook da Hotmart recebida.
[2025-08-28 13:18:05] [WEBHOOK_ERROR] Token de validação do webhook inválido. Acesso negado.
[2025-08-28 13:20:37] [WEBHOOK] Requisição de Webhook da Hotmart recebida.
[2025-08-28 13:20:37] [WEBHOOK_ERROR] Token de validação do webhook inválido. Acesso negado.
[2025-08-28 13:33:34] [WEBHOOK] Requisição de Webhook da Hotmart recebida.
[2025-08-28 13:33:34] [WEBHOOK_ERROR] Token de validação do webhook inválido. Acesso negado.
[2025-08-28 13:35:39] [WEBHOOK] Requisição de Webhook da Hotmart recebida.
[2025-08-28 13:35:39] [WEBHOOK_ERROR] Token de validação do webhook inválido. Acesso negado.
[2025-08-28 13:48:35] [WEBHOOK] Requisição de Webhook da Hotmart recebida.
[2025-08-28 13:48:35] [WEBHOOK_ERROR] Token de validação do webhook inválido. Acesso negado.
[2025-08-28 14:03:37] [WEBHOOK] Requisição de Webhook da Hotmart recebida.
[2025-08-28 14:03:37] [WEBHOOK_ERROR] Token de validação do webhook inválido. Acesso negado.
[2025-08-28 19:28:20] [WEBHOOK] Requisição de Webhook da Hotmart recebida.
[2025-08-28 19:28:20] [WEBHOOK_ERROR] Token de validação do webhook inválido. Acesso negado.
[2025-08-28 19:43:22] [WEBHOOK] Requisição de Webhook da Hotmart recebida.
[2025-08-28 19:43:22] [WEBHOOK_ERROR] Token de validação do webhook inválido. Acesso negado.
[2025-08-28 19:51:23] [WEBHOOK] Requisição de Webhook da Hotmart recebida.
[2025-08-28 19:51:23] [WEBHOOK_ERROR] Token de validação do webhook inválido. Acesso negado.
[2025-08-28 19:58:24] [WEBHOOK] Requisição de Webhook da Hotmart recebida.
[2025-08-28 19:58:24] [WEBHOOK_ERROR] Token de validação do webhook inválido. Acesso negado.
[2025-08-28 20:06:25] [WEBHOOK] Requisição de Webhook da Hotmart recebida.
[2025-08-28 20:06:25] [WEBHOOK_ERROR] Token de validação do webhook inválido. Acesso negado.
[2025-08-28 20:21:27] [WEBHOOK] Requisição de Webhook da Hotmart recebida.
[2025-08-28 20:21:27] [WEBHOOK_ERROR] Token de validação do webhook inválido. Acesso negado.
[2025-08-28 20:21:30] [WEBHOOK] Requisição de Webhook da Hotmart recebida.
[2025-08-28 20:21:30] [WEBHOOK_ERROR] Token de validação do webhook inválido. Acesso negado.
[2025-08-28 20:36:32] [WEBHOOK] Requisição de Webhook da Hotmart recebida.
[2025-08-28 20:36:32] [WEBHOOK_ERROR] Token de validação do webhook inválido. Acesso negado.
[2025-08-28 20:51:37] [WEBHOOK] Requisição de Webhook da Hotmart recebida.
[2025-08-28 20:51:37] [WEBHOOK_ERROR] Token de validação do webhook inválido. Acesso negado.
[2025-08-28 23:15:29] [WEBHOOK] Requisição de Webhook da Hotmart recebida.
[2025-08-28 23:15:29] [WEBHOOK_ERROR] Token de validação do webhook inválido. Acesso negado.
[2025-08-28 23:17:06] [WEBHOOK] Requisição de Webhook da Hotmart recebida.
[2025-08-28 23:17:06] [WEBHOOK_ERROR] Token de validação do webhook inválido. Acesso negado.
[2025-08-28 23:30:32] [WEBHOOK] Requisição de Webhook da Hotmart recebida.
[2025-08-28 23:30:32] [WEBHOOK_ERROR] Token de validação do webhook inválido. Acesso negado.
[2025-08-28 23:32:08] [WEBHOOK] Requisição de Webhook da Hotmart recebida.
[2025-08-28 23:32:08] [WEBHOOK_ERROR] Token de validação do webhook inválido. Acesso negado.
[2025-08-28 23:45:34] [WEBHOOK] Requisição de Webhook da Hotmart recebida.
[2025-08-28 23:45:34] [WEBHOOK_ERROR] Token de validação do webhook inválido. Acesso negado.
[2025-08-28 23:47:10] [WEBHOOK] Requisição de Webhook da Hotmart recebida.
[2025-08-28 23:47:10] [WEBHOOK_ERROR] Token de validação do webhook inválido. Acesso negado.
[2025-08-29 10:53:48] [WEBHOOK] Requisição de Webhook da Hotmart recebida.
[2025-08-29 10:53:48] [WEBHOOK_ERROR] Token de validação do webhook inválido. Acesso negado.
[2025-08-29 11:08:49] [WEBHOOK] Requisição de Webhook da Hotmart recebida.
[2025-08-29 11:08:49] [WEBHOOK_ERROR] Token de validação do webhook inválido. Acesso negado.
[2025-08-29 11:23:51] [WEBHOOK] Requisição de Webhook da Hotmart recebida.
[2025-08-29 11:23:51] [WEBHOOK_ERROR] Token de validação do webhook inválido. Acesso negado.
[2025-08-29 15:30:40] [WEBHOOK] Requisição de Webhook da Hotmart recebida.
[2025-08-29 15:30:40] [WEBHOOK_ERROR] Token de validação do webhook inválido. Acesso negado.
[2025-08-29 15:45:42] [WEBHOOK] Requisição de Webhook da Hotmart recebida.
[2025-08-29 15:45:42] [WEBHOOK_ERROR] Token de validação do webhook inválido. Acesso negado.
[2025-08-29 16:00:43] [WEBHOOK] Requisição de Webhook da Hotmart recebida.
[2025-08-29 16:00:43] [WEBHOOK_ERROR] Token de validação do webhook inválido. Acesso negado.
[2025-08-29 18:31:34] [WEBHOOK] Requisição de Webhook da Hotmart recebida.
[2025-08-29 18:31:34] [WEBHOOK_ERROR] Token de validação do webhook inválido. Acesso negado.
[2025-08-29 18:33:27] [WEBHOOK] Requisição de Webhook da Hotmart recebida.
[2025-08-29 18:33:27] [WEBHOOK_ERROR] Token de validação do webhook inválido. Acesso negado.
[2025-08-29 18:46:36] [WEBHOOK] Requisição de Webhook da Hotmart recebida.
[2025-08-29 18:46:36] [WEBHOOK_ERROR] Token de validação do webhook inválido. Acesso negado.
[2025-08-29 18:48:29] [WEBHOOK] Requisição de Webhook da Hotmart recebida.
[2025-08-29 18:48:29] [WEBHOOK_ERROR] Token de validação do webhook inválido. Acesso negado.
[2025-08-29 19:01:38] [WEBHOOK] Requisição de Webhook da Hotmart recebida.
[2025-08-29 19:01:38] [WEBHOOK_ERROR] Token de validação do webhook inválido. Acesso negado.
[2025-08-29 19:03:31] [WEBHOOK] Requisição de Webhook da Hotmart recebida.
[2025-08-29 19:03:31] [WEBHOOK_ERROR] Token de validação do webhook inválido. Acesso negado.
